Jun 06, 2023 6:56:38 PM LoggingSingleton logInfo
INFO: Enrolling student: Alice Johnson in course: Software Engineering Lab
Jun 06, 2023 6:56:38 PM LoggingSingleton logInfo
INFO: Setting grade: 15 for student: Alice Johnson in course: Software Engineering Lab
Jun 06, 2023 7:01:41 PM LoggingSingleton logInfo
INFO: Enrolling student: Alice Johnson in course: Software Engineering Lab
Jun 06, 2023 7:01:41 PM LoggingSingleton logInfo
INFO: Setting grade: 15 for student: Alice Johnson in course: Software Engineering Lab
Jun 06, 2023 7:21:54 PM LoggingSingleton logInfo
INFO: Enrolling student: Alice Johnson in course: Software Engineering Lab
Jun 06, 2023 7:21:54 PM LoggingSingleton logInfo
INFO: Setting grade: 15 for student: Alice Johnson in course: Software Engineering Lab
Jun 06, 2023 7:32:14 PM LoggingSingleton logInfo
INFO: Enrolling student: Alice Johnson in course: Software Engineering Lab
Jun 06, 2023 7:32:14 PM LoggingSingleton logInfo
INFO: Setting grade: 15 for student: Alice Johnson in course: Software Engineering Lab
Jun 06, 2023 8:16:48 PM LoggingSingleton logInfo
INFO: Enrolling student: Alice Johnson in course: Software Engineering Lab
Jun 06, 2023 8:16:48 PM LoggingSingleton logInfo
INFO: Setting grade: 15 for student: Alice Johnson in course: Software Engineering Lab
Jun 06, 2023 8:18:30 PM LoggingSingleton logInfo
INFO: Enrolling student: Alice Johnson in course: Software Engineering Lab
Jun 06, 2023 8:18:30 PM LoggingSingleton logInfo
INFO: Setting grade: 15 for student: Alice Johnson in course: Software Engineering Lab
Jun 06, 2023 8:20:18 PM LoggingSingleton logInfo
INFO: Enrolling student: Alice Johnson in course: Software Engineering Lab
Jun 06, 2023 8:20:18 PM LoggingSingleton logInfo
INFO: Setting grade: 15 for student: Alice Johnson in course: Software Engineering Lab
Jun 06, 2023 8:20:55 PM LoggingSingleton logInfo
INFO: Enrolling student: Alice Johnson in course: Software Engineering Lab
Jun 06, 2023 8:20:56 PM LoggingSingleton logInfo
INFO: Setting grade: 15 for student: Alice Johnson in course: Software Engineering Lab
Jun 06, 2023 8:21:12 PM LoggingSingleton logInfo
INFO: Enrolling student: Alice Johnson in course: Software Engineering Lab
Jun 06, 2023 8:21:12 PM LoggingSingleton logInfo
INFO: Setting grade: 15 for student: Alice Johnson in course: Software Engineering Lab
Jun 06, 2023 8:28:10 PM LoggingSingleton logInfo
INFO: Enrolling student: Alice Johnson in course: Software Engineering Lab
Jun 06, 2023 8:28:10 PM LoggingSingleton logInfo
INFO: Setting grade: 15 for student: Alice Johnson in course: Software Engineering Lab
Jun 06, 2023 8:29:17 PM LoggingSingleton logInfo
INFO: Enrolling student: Alice Johnson in course: Software Engineering Lab
Jun 06, 2023 8:29:17 PM LoggingSingleton logInfo
INFO: Setting grade: 15 for student: Alice Johnson in course: Software Engineering Lab
Jun 06, 2023 8:30:05 PM LoggingSingleton logInfo
INFO: Enrolling student: Alice Johnson in course: Software Engineering Lab
Jun 06, 2023 8:30:05 PM LoggingSingleton logInfo
INFO: Setting grade: 15 for student: Alice Johnson in course: Software Engineering Lab
Jun 06, 2023 8:31:52 PM LoggingSingleton logInfo
INFO: Enrolling student: Alice Johnson in course: Software Engineering Lab
Jun 06, 2023 8:31:52 PM LoggingSingleton logInfo
INFO: Setting grade: 15 for student: Alice Johnson in course: Software Engineering Lab
Jun 06, 2023 8:32:57 PM LoggingSingleton logInfo
INFO: Enrolling student: Alice Johnson in course: Software Engineering Lab
Jun 06, 2023 8:32:57 PM LoggingSingleton logInfo
INFO: Setting grade: 15 for student: Alice Johnson in course: Software Engineering Lab
Jun 06, 2023 8:35:14 PM LoggingSingleton logInfo
INFO: Enrolling student: Alice Johnson in course: Software Engineering Lab
Jun 06, 2023 8:35:15 PM LoggingSingleton logInfo
INFO: Setting grade: 15 for student: Alice Johnson in course: Software Engineering Lab
Jun 06, 2023 8:36:42 PM LoggingSingleton logInfo
INFO: Enrolling student: Alice Johnson in course: Software Engineering Lab
Jun 06, 2023 8:36:42 PM LoggingSingleton logInfo
INFO: Setting grade: 15 for student: Alice Johnson in course: Software Engineering Lab
Jun 06, 2023 8:38:03 PM LoggingSingleton logInfo
INFO: Enrolling student: Alice Johnson in course: Software Engineering Lab
Jun 06, 2023 8:38:03 PM LoggingSingleton logInfo
INFO: Setting grade: 15 for student: Alice Johnson in course: Software Engineering Lab
Jun 06, 2023 9:01:05 PM LoggingSingleton logInfo
INFO: Enrolling student: Alice Johnson in course: Software Engineering Lab
Jun 06, 2023 9:01:05 PM LoggingSingleton logInfo
INFO: Setting grade: 15 for student: Alice Johnson in course: Software Engineering Lab
Jun 06, 2023 9:02:44 PM LoggingSingleton logInfo
INFO: Enrolling student: Alice Johnson in course: Software Engineering Lab
Jun 06, 2023 9:02:44 PM LoggingSingleton logInfo
INFO: Setting grade: 15 for student: Alice Johnson in course: Software Engineering Lab
Jun 06, 2023 9:04:14 PM LoggingSingleton logInfo
INFO: Enrolling student: Alice Johnson in course: Software Engineering Lab
Jun 06, 2023 9:04:14 PM LoggingSingleton logInfo
INFO: Setting grade: 15 for student: Alice Johnson in course: Software Engineering Lab
Jun 06, 2023 9:05:00 PM LoggingSingleton logInfo
INFO: Enrolling student: Alice Johnson in course: Software Engineering Lab
Jun 06, 2023 9:05:00 PM LoggingSingleton logInfo
INFO: Setting grade: 15 for student: Alice Johnson in course: Software Engineering Lab
Jun 06, 2023 9:12:43 PM LoggingSingleton logInfo
INFO: Enrolling student: Alice Johnson in course: Software Engineering Lab
Jun 06, 2023 9:12:43 PM LoggingSingleton logInfo
INFO: Setting grade: 15 for student: Alice Johnson in course: Software Engineering Lab
Jun 06, 2023 9:18:05 PM LoggingSingleton logInfo
INFO: Enrolling student: Alice Johnson in course: Software Engineering Lab
Jun 06, 2023 9:18:05 PM LoggingSingleton logInfo
INFO: Setting grade: 15 for student: Alice Johnson in course: Software Engineering Lab
Jun 06, 2023 9:19:51 PM LoggingSingleton logInfo
INFO: Enrolling student: Alice Johnson in course: Software Engineering Lab
Jun 06, 2023 9:19:51 PM LoggingSingleton logInfo
INFO: Setting grade: 15 for student: Alice Johnson in course: Software Engineering Lab
Jun 06, 2023 9:20:03 PM LoggingSingleton logInfo
INFO: Enrolling student: Alice Johnson in course: Software Engineering Lab
Jun 06, 2023 9:20:03 PM LoggingSingleton logInfo
INFO: Setting grade: 15 for student: Alice Johnson in course: Software Engineering Lab
Jun 06, 2023 9:23:51 PM LoggingSingleton logInfo
INFO: Enrolling student: Alice Johnson in course: Software Engineering Lab
Jun 06, 2023 9:23:51 PM LoggingSingleton logInfo
INFO: Setting grade: 15 for student: Alice Johnson in course: Software Engineering Lab
Jun 06, 2023 9:27:32 PM LoggingSingleton logInfo
INFO: Enrolling student: Alice Johnson in course: Software Engineering Lab
Jun 06, 2023 9:30:22 PM LoggingSingleton logInfo
INFO: Enrolling student: Alice Johnson in course: Software Engineering Lab
Jun 06, 2023 9:30:22 PM LoggingSingleton logInfo
INFO: Setting grade: 15 for student: Alice Johnson in course: Software Engineering Lab
Jun 06, 2023 9:34:31 PM LoggingSingleton logInfo
INFO: Enrolling student: Alice Johnson in course: Software Engineering Lab
Jun 06, 2023 9:34:31 PM LoggingSingleton logInfo
INFO: Setting PVL: 1 for student: Alice Johnson in course: Software Engineering Lab
Jun 06, 2023 9:34:31 PM LoggingSingleton logInfo
INFO: Setting grade: 15 for student: Alice Johnson in course: Software Engineering Lab
Jun 06, 2023 9:34:47 PM LoggingSingleton logInfo
INFO: Enrolling student: Alice Johnson in course: Software Engineering Lab
Jun 06, 2023 9:34:47 PM LoggingSingleton logInfo
INFO: Setting PVL: 1 for student: Alice Johnson in course: Software Engineering Lab
Jun 06, 2023 9:34:47 PM LoggingSingleton logInfo
INFO: Setting grade: 15 for student: Alice Johnson in course: Software Engineering Lab
Jun 06, 2023 9:39:14 PM LoggingSingleton logInfo
INFO: Enrolling student: Alice Johnson in course: Software Engineering Lab
Jun 06, 2023 9:39:14 PM LoggingSingleton logInfo
INFO: Setting PVL: 1 for student: Alice Johnson in course: Software Engineering Lab
Jun 06, 2023 9:39:14 PM LoggingSingleton logInfo
INFO: Setting grade: 15 for student: Alice Johnson in course: Software Engineering Lab
Jun 06, 2023 9:42:18 PM LoggingSingleton logInfo
INFO: Enrolling student: Alice Johnson in course: Software Engineering
Jun 06, 2023 9:42:18 PM LoggingSingleton logInfo
INFO: Enrolling student: Alice Johnson in course: Software Engineering Lab
Jun 06, 2023 9:42:18 PM LoggingSingleton logInfo
INFO: Setting PVL: 1 for student: Alice Johnson in course: Software Engineering Lab
Jun 06, 2023 9:42:18 PM LoggingSingleton logInfo
INFO: Setting grade: 15 for student: Alice Johnson in course: Software Engineering
Jun 06, 2023 9:43:52 PM LoggingSingleton logInfo
INFO: Enrolling student: Alice Johnson in course: Software Engineering Lab
Jun 06, 2023 9:43:53 PM LoggingSingleton logInfo
INFO: Setting PVL: 1 for student: Alice Johnson in course: Software Engineering Lab
Jun 06, 2023 10:00:44 PM LoggingSingleton logInfo
INFO: Enrolling student: Alice Johnson in course: Software Engineering Lab
Jun 06, 2023 10:00:44 PM LoggingSingleton logInfo
INFO: Setting PVL: 1 for student: Alice Johnson in course: Software Engineering Lab
Jun 06, 2023 10:00:45 PM LoggingSingleton logInfo
INFO: Setting grade: 15 for student: Alice Johnson in course: Software Engineering Lab
Jun 06, 2023 10:16:17 PM LoggingSingleton logInfo
INFO: Enrolling student: Alice Johnson in course: Software Engineering Lab
Jun 06, 2023 10:16:17 PM LoggingSingleton logInfo
INFO: Setting PVL: 1 for student: Alice Johnson in course: Software Engineering Lab
Jun 06, 2023 10:16:17 PM LoggingSingleton logInfo
INFO: Setting grade: 15 for student: Alice Johnson in course: Software Engineering Lab
